{"contracts/dutchauction.sol":{"l":{"21":9,"22":9,"23":9,"24":9,"25":9,"26":9,"27":9,"32":3,"33":2,"37":2,"38":1,"39":1,"41":1},"path":"/home/pheelix/DutchAuction-Project-V1/contracts/dutchauction.sol","s":{"1":3,"2":2,"3":1,"4":1},"b":{"1":[2,1],"2":[1,1]},"f":{"1":9,"2":3},"fnMap":{"1":{"name":"constructor","line":16,"loc":{"start":{"line":16,"column":4},"end":{"line":28,"column":4}}},"2":{"name":"placeBid","line":31,"loc":{"start":{"line":31,"column":4},"end":{"line":43,"column":4}}}},"statementMap":{"1":{"start":{"line":32,"column":12},"end":{"line":32,"column":54}},"2":{"start":{"line":37,"column":8},"end":{"line":37,"column":1142}},"3":{"start":{"line":39,"column":12},"end":{"line":39,"column":37}},"4":{"start":{"line":41,"column":12},"end":{"line":41,"column":50}}},"branchMap":{"1":{"line":32,"type":"if","locations":[{"start":{"line":32,"column":12},"end":{"line":32,"column":12}},{"start":{"line":32,"column":12},"end":{"line":32,"column":12}}]},"2":{"line":37,"type":"if","locations":[{"start":{"line":37,"column":8},"end":{"line":37,"column":8}},{"start":{"line":37,"column":8},"end":{"line":37,"column":8}}]}}}}